\BOOKMARK [0][-]{chapter*.1}{\376\377\000P\000r\000e\000f\000a\000c\000e}{}% 1
\BOOKMARK [0][-]{chapter*.3}{\376\377\000A\000b\000s\000t\000r\000a\000c\000t}{}% 2
\BOOKMARK [0][-]{chapter*.4}{\376\377\000L\000i\000s\000t\000\040\000o\000f\000\040\000F\000i\000g\000u\000r\000e\000s\000\040\000a\000n\000d\000\040\000T\000a\000b\000l\000e\000s}{}% 3
\BOOKMARK [0][-]{chapter*.9}{\376\377\000L\000i\000s\000t\000\040\000o\000f\000\040\000A\000b\000b\000r\000e\000v\000i\000a\000t\000i\000o\000n\000s\000\040\000a\000n\000d\000\040\000S\000y\000m\000b\000o\000l\000s}{}% 4
\BOOKMARK [0][-]{chapter.1}{\376\377\000L\000i\000t\000e\000r\000a\000t\000u\000r\000e\000\040\000R\000e\000v\000i\000e\000w}{}% 5
\BOOKMARK [1][-]{section.1.1}{\376\377\000I\000n\000t\000r\000o\000d\000u\000c\000t\000i\000o\000n}{chapter.1}% 6
\BOOKMARK [1][-]{section.1.2}{\376\377\000P\000r\000e\000l\000i\000m\000i\000n\000a\000r\000i\000e\000s}{chapter.1}% 7
\BOOKMARK [2][-]{subsection.1.2.1}{\376\377\000N\000o\000t\000a\000t\000i\000o\000n}{section.1.2}% 8
\BOOKMARK [2][-]{subsection.1.2.2}{\376\377\000P\000a\000c\000k\000e\000d\000\040\000S\000h\000a\000m\000i\000r\000\040\000S\000e\000c\000r\000e\000t\000\040\000S\000h\000a\000r\000i\000n\000g}{section.1.2}% 9
\BOOKMARK [2][-]{subsection.1.2.3}{\376\377\000S\000i\000g\000m\000a\000\040\000P\000r\000o\000t\000o\000c\000o\000l\000s}{section.1.2}% 10
\BOOKMARK [2][-]{subsection.1.2.4}{\376\377\000C\000h\000a\000u\000m\000-\000P\000e\000d\000e\000r\000s\000e\000n\000\040\000P\000r\000o\000t\000o\000c\000o\000l\000\040\000f\000o\000r\000\040\000D\000L\000\040\000E\000q\000u\000a\000l\000i\000t\000y}{section.1.2}% 11
\BOOKMARK [2][-]{subsection.1.2.5}{\376\377\000N\000I\000Z\000K\000\040\000P\000o\000K\000\040\000f\000o\000r\000\040\000P\000o\000l\000y\000n\000o\000m\000i\000a\000l\000\040\000D\000L}{section.1.2}% 12
\BOOKMARK [1][-]{section.1.3}{\376\377\000C\000o\000n\000c\000l\000u\000s\000i\000o\000n}{chapter.1}% 13
\BOOKMARK [0][-]{chapter.2}{\376\377\000T\000h\000e\000\040\000N\000e\000x\000t\000\040\000C\000h\000a\000p\000t\000e\000r}{}% 14
\BOOKMARK [0][-]{chapter.3}{\376\377\000T\000h\000e\000\040\000F\000i\000n\000a\000l\000\040\000C\000h\000a\000p\000t\000e\000r}{}% 15
\BOOKMARK [0][-]{chapter.4}{\376\377\000C\000o\000n\000c\000l\000u\000s\000i\000o\000n}{}% 16
\BOOKMARK [0][-]{appendix.A}{\376\377\000T\000h\000e\000\040\000F\000i\000r\000s\000t\000\040\000A\000p\000p\000e\000n\000d\000i\000x}{}% 17
\BOOKMARK [1][-]{section.A.1}{\376\377\000M\000o\000r\000e\000\040\000L\000o\000r\000e\000m}{appendix.A}% 18
\BOOKMARK [2][-]{subsection.A.1.1}{\376\377\000L\000o\000r\000e\000m\000\040\0001\0005\040\023\0001\0007}{section.A.1}% 19
\BOOKMARK [2][-]{subsection.A.1.2}{\376\377\000L\000o\000r\000e\000m\000\040\0001\0008\040\023\0001\0009}{section.A.1}% 20
\BOOKMARK [1][-]{section.A.2}{\376\377\000L\000o\000r\000e\000m\000\040\0005\0001}{appendix.A}% 21
\BOOKMARK [0][-]{appendix.B}{\376\377\000T\000h\000e\000\040\000L\000a\000s\000t\000\040\000A\000p\000p\000e\000n\000d\000i\000x}{}% 22
\BOOKMARK [1][-]{section.B.1}{\376\377\000L\000o\000r\000e\000m\000\040\0002\0000\000-\0002\0004}{appendix.B}% 23
\BOOKMARK [1][-]{section.B.2}{\376\377\000L\000o\000r\000e\000m\000\040\0002\0005\000-\0002\0007}{appendix.B}% 24
\BOOKMARK [0][-]{appendix*.14}{\376\377\000B\000i\000b\000l\000i\000o\000g\000r\000a\000p\000h\000y}{}% 25
